[17:43:32] [ServerMain/INFO]: [bootstrap] Running Java 21 (OpenJDK 64-Bit Server VM 21.0.5+11-Ubuntu-1ubuntu120.04; Ubuntu null) on Linux 6.5.0-1025-azure (amd64)
[17:43:32] [ServerMain/INFO]: [bootstrap] Loading Paper 1.21.3-63-master@4190ee7 (2024-11-25T18:59:19Z) for Minecraft 1.21.3
[17:43:32] [ServerMain/INFO]: [PluginInitializerManager] Initializing plugins...
[17:43:32] [ServerMain/INFO]: [PluginInitializerManager] Initialized 0 plugins
[17:43:36] [ServerMain/INFO]: Environment: Environment[sessionHost=https://sessionserver.mojang.com, servicesHost=https://api.minecraftservices.com, name=PROD]
[17:43:38] [ServerMain/INFO]: Loaded 1337 recipes
[17:43:38] [ServerMain/INFO]: Loaded 1448 advancements
[17:43:38] [Server thread/INFO]: Starting minecraft server version 1.21.3
[17:43:38] [Server thread/INFO]: Loading properties
[17:43:38] [Server thread/INFO]: This server is running Paper version 1.21.3-63-master@4190ee7 (2024-11-25T18:59:19Z) (Implementing API version 1.21.3-R0.1-SNAPSHOT)
[17:43:39] [Server thread/INFO]: [spark] This server bundles the spark profiler. For more information please visit https://docs.papermc.io/paper/profiling
[17:43:39] [Server thread/INFO]: Server Ping Player Sample Count: 12
[17:43:39] [Server thread/INFO]: Using 4 threads for Netty based IO
[17:43:39] [Server thread/INFO]: [MoonriseCommon] Paper is using 1 worker threads, 1 I/O threads
[17:43:39] [Server thread/INFO]: [ChunkTaskScheduler] Chunk system is using population gen parallelism: true
[17:43:40] [Server thread/INFO]: Default game type: SURVIVAL
[17:43:40] [Server thread/INFO]: Generating keypair
[17:43:40] [Server thread/INFO]: Starting Minecraft server on *:25565
[17:43:40] [Server thread/INFO]: Using epoll channel type
[17:43:40] [Server thread/INFO]: Paper: Using libdeflate (Linux x86_64) compression from Velocity.
[17:43:40] [Server thread/INFO]: Paper: Using OpenSSL 1.1.x (Linux x86_64) cipher from Velocity.
[17:43:40] [Server thread/INFO]: Server permissions file permissions.yml is empty, ignoring it
[17:43:40] [Server thread/WARN]: **** SERVER IS RUNNING IN OFFLINE/INSECURE MODE!
[17:43:40] [Server thread/WARN]: The server will make no attempt to authenticate usernames. Beware.
[17:43:40] [Server thread/WARN]: While this makes the game possible to play without internet access, it also opens up the ability for hackers to connect with any username they choose.
[17:43:40] [Server thread/WARN]: To change this, set "online-mode" to "true" in the server.properties file.
[17:43:40] [Server thread/INFO]: Preparing level "world"
[17:43:41] [Server thread/INFO]: Preparing start region for dimension minecraft:overworld
[17:43:41] [Server thread/INFO]: Preparing spawn area: 0%
[17:43:42] [Server thread/INFO]: Preparing spawn area: 2%
[17:43:42] [Paper Common Worker #0/INFO]: [MCTypeRegistry] Initialising converters for DataConverter...
[17:43:42] [Paper Common Worker #0/INFO]: [MCTypeRegistry] Finished initialising converters for DataConverter in 280.0ms
[17:43:42] [Server thread/INFO]: Preparing spawn area: 14%
[17:43:42] [Server thread/INFO]: Time elapsed: 1355 ms
[17:43:42] [Server thread/INFO]: Preparing start region for dimension minecraft:the_nether
[17:43:42] [Server thread/INFO]: Preparing spawn area: 0%
[17:43:43] [Server thread/INFO]: Time elapsed: 230 ms
[17:43:43] [Server thread/INFO]: Preparing start region for dimension minecraft:the_end
[17:43:43] [Server thread/INFO]: Preparing spawn area: 0%
[17:43:43] [Server thread/INFO]: Time elapsed: 145 ms
[17:43:43] [Server thread/INFO]: [spark] Starting background profiler...
[17:43:43] [Server thread/INFO]: Done preparing level "world" (2.932s)
[17:43:43] [Server thread/INFO]: Running delayed init tasks
[17:43:43] [Server thread/INFO]: Done (12.186s)! For help, type "help"
